<?xml version="1.0" encoding="UTF-8"?>
<testng-results ignored="0" total="1" passed="0" failed="1" skipped="0">
  <reporter-output>
  </reporter-output>
  <suite started-at="2026-07-09T16:20:36 IST" name="Default suite" finished-at="2026-07-09T16:20:46 IST" duration-ms="10352">
    <groups>
      <group name="cucumber">
        <method signature="AbstractTestNGCucumberTests.runScenario(io.cucumber.testng.PickleWrapper,io.cucumber.testng.FeatureWrapper)[pri:0, instance:Runner.Featuredprodrunner@a7e2d9d]" name="runScenario" class="io.cucumber.testng.AbstractTestNGCucumberTests"/>
      </group> <!-- cucumber -->
    </groups>
    <test started-at="2026-07-09T16:20:36 IST" name="Default test" finished-at="2026-07-09T16:20:46 IST" duration-ms="10352">
      <class name="Runner.Featuredprodrunner">
        <test-method is-config="true" signature="setUpClass(org.testng.ITestContext)[pri:0, instance:Runner.Featuredprodrunner@a7e2d9d]" started-at="2026-07-09T16:20:36 IST" name="setUpClass" finished-at="2026-07-09T16:20:37 IST" duration-ms="1860" status="PASS">
          <params>
            <param index="0">
              <value>
                <![CDATA[org.testng.TestRunner@6cbbb9c4]]>
              </value>
            </param>
          </params>
          <reporter-output>
          </reporter-output>
        </test-method> <!-- setUpClass -->
        <test-method signature="runScenario(io.cucumber.testng.PickleWrapper,io.cucumber.testng.FeatureWrapper)[pri:0, instance:Runner.Featuredprodrunner@a7e2d9d]" started-at="2026-07-09T16:20:37 IST" name="runScenario" description="Runs Cucumber Scenarios" data-provider="scenarios" finished-at="2026-07-09T16:20:46 IST" duration-ms="8362" status="FAIL">
          <params>
            <param index="0">
              <value>
                <![CDATA["user sorts the products of a Category"]]>
              </value>
            </param>
            <param index="1">
              <value>
                <![CDATA["Featured Product Checkout Flow"]]>
              </value>
            </param>
          </params>
          <exception class="java.lang.NullPointerException">
            <message>
              <![CDATA[Cannot invoke "prestapages.FeaturedProductsPOM.allFeatures()" because "this.fs" is null]]>
            </message>
            <full-stacktrace>
              <![CDATA[java.lang.NullPointerException: Cannot invoke "prestapages.FeaturedProductsPOM.allFeatures()" because "this.fs" is null
at StepDef.Featuredprodsteps.user_navigates_to_featured_products_page(Featuredprodsteps.java:120)
at ✽.user navigates to featured products page(file:///C:/Users/DA20696043/eclipse-workspace/Capstone-project/src/test/java/Features/FeaturedProduct.feature:5)
]]>
            </full-stacktrace>
          </exception> <!-- java.lang.NullPointerException -->
          <reporter-output>
          </reporter-output>
        </test-method> <!-- runScenario -->
        <test-method is-config="true" signature="tearDownClass()[pri:0, instance:Runner.Featuredprodrunner@a7e2d9d]" started-at="2026-07-09T16:20:46 IST" name="tearDownClass" finished-at="2026-07-09T16:20:46 IST" duration-ms="56" status="PASS">
          <reporter-output>
          </reporter-output>
        </test-method> <!-- tearDownClass -->
      </class> <!-- Runner.Featuredprodrunner -->
    </test> <!-- Default test -->
  </suite> <!-- Default suite -->
</testng-results>
