<?xml version="1.0" encoding="UTF-8"?>
<!-- Generated by org.testng.reporters.JUnitReportReporter -->
<testsuite hostname="APL-C41RT24" failures="0" tests="2" name="Runner.SignupRunner" time="86.591" errors="1" timestamp="2026-07-07T15:16:16 IST" skipped="0">
  <testcase classname="Runner.SignupRunner" name="runScenario" time="37.686"/>
  <testcase classname="Runner.SignupRunner" name="runScenario" time="48.905">
    <error message="Expected condition failed: waiting for element to be clickable, but the element was not found: org.openqa.selenium.NoSuchElementException: no such element: Unable to locate element: {&quot;method&quot;:&quot;xpath&quot;,&quot;selector&quot;:&quot;//button[@id=&#039;userMenuButton&#039;]&quot;}.
(tried for 10 seconds with 500 milliseconds interval)
Build info: version: &#039;4.43.0&#039;, revision: &#039;dd0f534&#039;
System info: os.name: &#039;Windows 11&#039;, os.arch: &#039;amd64&#039;, os.version: &#039;10.0&#039;, java.version: &#039;21.0.9&#039;
Driver info: org.openqa.selenium.chrome.ChromeDriver
Capabilities {acceptInsecureCerts: false, browserName: chrome, browserVersion: 150.0.7871.47, chrome: {chromedriverVersion: 150.0.7871.46 (5b586c06e0d2..., userDataDir: C:\Users\DA2069~1\AppData\L...}, fedcm:accounts: true, goog:chromeOptions: {debuggerAddress: localhost:61851}, goog:processID: 21100, networkConnectionEnabled: false, pageLoadStrategy: normal, platformName: windows, proxy: Proxy(), se:cdp: ws://localhost:61851/devtoo..., se:cdpVersion: 150.0.7871.47, setWindowRect: true, strictFileInteractability: false, timeouts: {implicit: 0, pageLoad: 300000, script: 30000}, unhandledPromptBehavior: dismiss and notify, webauthn:extension:credBlob: true, webauthn:extension:largeBlob: true, webauthn:extension:minPinLength: true, webauthn:extension:prf: true, webauthn:virtualAuthenticators: true}
Session ID: 7910d5135e73c3b6d65f67865eec260d" type="org.openqa.selenium.TimeoutException">
      <![CDATA[org.openqa.selenium.TimeoutException: Expected condition failed: waiting for element to be clickable, but the element was not found: org.openqa.selenium.NoSuchElementException: no such element: Unable to locate element: {"method":"xpath","selector":"//button[@id='userMenuButton']"}.
(tried for 10 seconds with 500 milliseconds interval)
Build info: version: '4.43.0', revision: 'dd0f534'
System info: os.name: 'Windows 11', os.arch: 'amd64', os.version: '10.0', java.version: '21.0.9'
Driver info: org.openqa.selenium.chrome.ChromeDriver
Capabilities {acceptInsecureCerts: false, browserName: chrome, browserVersion: 150.0.7871.47, chrome: {chromedriverVersion: 150.0.7871.46 (5b586c06e0d2..., userDataDir: C:\Users\DA2069~1\AppData\L...}, fedcm:accounts: true, goog:chromeOptions: {debuggerAddress: localhost:61851}, goog:processID: 21100, networkConnectionEnabled: false, pageLoadStrategy: normal, platformName: windows, proxy: Proxy(), se:cdp: ws://localhost:61851/devtoo..., se:cdpVersion: 150.0.7871.47, setWindowRect: true, strictFileInteractability: false, timeouts: {implicit: 0, pageLoad: 300000, script: 30000}, unhandledPromptBehavior: dismiss and notify, webauthn:extension:credBlob: true, webauthn:extension:largeBlob: true, webauthn:extension:minPinLength: true, webauthn:extension:prf: true, webauthn:virtualAuthenticators: true}
Session ID: 7910d5135e73c3b6d65f67865eec260d
at org.openqa.selenium.support.ui.WebDriverWait.timeoutException(WebDriverWait.java:85)
at org.openqa.selenium.support.ui.FluentWait.until(FluentWait.java:234)
at prestapages.prestaloginandsignup1.signout(prestaloginandsignup1.java:143)
at StepDef.SignupDef.user_account_should_be_created_successfully(SignupDef.java:69)
at ✽.User account should be created successfully(file:///C:/Users/DA20696043/eclipse-workspace/Capstone-project/src/test/java/Features/signup.feature:12)
]]>
    </error>
  </testcase> <!-- runScenario -->
</testsuite> <!-- Runner.SignupRunner -->
